<?xml version="1.0" encoding="UTF-8"?>
<!-- Generated by org.testng.reporters.JUnitReportReporter -->
<testsuite hostname="Jugganourt" name="test.MyTest" tests="6" failures="0" timestamp="6 Mar 2014 01:22:19 GMT" time="0.032" errors="0">
  <testcase name="testBFSPuzzle" time="0.001" classname="test.MyTest"/>
  <testcase name="testDFSPuzzle" time="0.000" classname="test.MyTest"/>
  <testcase name="testAStarJumble" time="0.020" classname="test.MyTest"/>
  <testcase name="testDFSJumble" time="0.001" classname="test.MyTest"/>
  <testcase name="testBFSJumble" time="0.001" classname="test.MyTest"/>
  <testcase name="testAStarPuzzle" time="0.009" classname="test.MyTest"/>
</testsuite> <!-- test.MyTest -->
